{"numFailedTestSuites":0,"numFailedTests":0,"numPassedTestSuites":3,"numPassedTests":147,"numPendingTestSuites":0,"numPendingTests":0,"numRuntimeErrorTestSuites":0,"numTodoTests":0,"numTotalTestSuites":3,"numTotalTests":147,"openHandles":[],"snapshot":{"added":0,"didUpdate":false,"failure":false,"filesAdded":0,"filesRemoved":0,"filesRemovedList":[],"filesUnmatched":0,"filesUpdated":0,"matched":0,"total":0,"unchecked":0,"uncheckedKeysByFile":[],"unmatched":0,"updated":0},"startTime":1776508611815,"success":true,"testResults":[{"assertionResults":[{"ancestorTitles":["TC-001: UserRole type values"],"duration":3,"failing":false,"failureDetails":[],"failureMessages":[],"fullName":"TC-001: UserRole type values admin is a valid UserRole","invocations":1,"location":null,"numPassingAsserts":1,"retryReasons":[],"startAt":1776508612679,"status":"passed","title":"admin is a valid UserRole"},{"ancestorTitles":["TC-001: UserRole type values"],"duration":0,"failing":false,"failureDetails":[],"failureMessages":[],"fullName":"TC-001: UserRole type values staff is a valid UserRole","invocations":1,"location":null,"numPassingAsserts":1,"retryReasons":[],"startAt":1776508612683,"status":"passed","title":"staff is a valid UserRole"},{"ancestorTitles":["TC-001: UserRole type values"],"duration":1,"failing":false,"failureDetails":[],"failureMessages":[],"fullName":"TC-001: UserRole type values member is a valid UserRole","invocations":1,"location":null,"numPassingAsserts":1,"retryReasons":[],"startAt":1776508612683,"status":"passed","title":"member is a valid UserRole"},{"ancestorTitles":["TC-001: UserRole type values"],"duration":1,"failing":false,"failureDetails":[],"failureMessages":[],"fullName":"TC-001: UserRole type values pending is a valid UserRole","invocations":1,"location":null,"numPassingAsserts":1,"retryReasons":[],"startAt":1776508612684,"status":"passed","title":"pending is a valid UserRole"},{"ancestorTitles":["TC-001: UserRole type values"],"duration":1,"failing":false,"failureDetails":[],"failureMessages":[],"fullName":"TC-001: UserRole type values all 4 roles are defined","invocations":1,"location":null,"numPassingAsserts":1,"retryReasons":[],"startAt":1776508612685,"status":"passed","title":"all 4 roles are defined"},{"ancestorTitles":["TC-002: UserStatus type values"],"duration":1,"failing":false,"failureDetails":[],"failureMessages":[],"fullName":"TC-002: UserStatus type values active is a valid UserStatus","invocations":1,"location":null,"numPassingAsserts":1,"retryReasons":[],"startAt":1776508612686,"status":"passed","title":"active is a valid UserStatus"},{"ancestorTitles":["TC-002: UserStatus type values"],"duration":1,"failing":false,"failureDetails":[],"failureMessages":[],"fullName":"TC-002: UserStatus type values pending is a valid UserStatus","invocations":1,"location":null,"numPassingAsserts":1,"retryReasons":[],"startAt":1776508612687,"status":"passed","title":"pending is a valid UserStatus"},{"ancestorTitles":["TC-002: UserStatus type values"],"duration":0,"failing":false,"failureDetails":[],"failureMessages":[],"fullName":"TC-002: UserStatus type values suspended is a valid UserStatus","invocations":1,"location":null,"numPassingAsserts":1,"retryReasons":[],"startAt":1776508612688,"status":"passed","title":"suspended is a valid UserStatus"},{"ancestorTitles":["TC-002: UserStatus type values"],"duration":0,"failing":false,"failureDetails":[],"failureMessages":[],"fullName":"TC-002: UserStatus type values all 3 statuses are defined","invocations":1,"location":null,"numPassingAsserts":1,"retryReasons":[],"startAt":1776508612689,"status":"passed","title":"all 3 statuses are defined"},{"ancestorTitles":["TC-003: PrayerCategory type values"],"duration":0,"failing":false,"failureDetails":[],"failureMessages":[],"fullName":"TC-003: PrayerCategory type values all 7 prayer categories exist","invocations":1,"location":null,"numPassingAsserts":1,"retryReasons":[],"startAt":1776508612690,"status":"passed","title":"all 7 prayer categories exist"},{"ancestorTitles":["TC-003: PrayerCategory type values"],"duration":0,"failing":false,"failureDetails":[],"failureMessages":[],"fullName":"TC-003: PrayerCategory type values health is a valid PrayerCategory","invocations":1,"location":null,"numPassingAsserts":1,"retryReasons":[],"startAt":1776508612691,"status":"passed","title":"health is a valid PrayerCategory"},{"ancestorTitles":["TC-003: PrayerCategory type values"],"duration":1,"failing":false,"failureDetails":[],"failureMessages":[],"fullName":"TC-003: PrayerCategory type values praise is a valid PrayerCategory","invocations":1,"location":null,"numPassingAsserts":1,"retryReasons":[],"startAt":1776508612691,"status":"passed","title":"praise is a valid PrayerCategory"},{"ancestorTitles":["TC-004: PrayerStatus type values"],"duration":1,"failing":false,"failureDetails":[],"failureMessages":[],"fullName":"TC-004: PrayerStatus type values all 3 prayer statuses exist","invocations":1,"location":null,"numPassingAsserts":1,"retryReasons":[],"startAt":1776508612692,"status":"passed","title":"all 3 prayer statuses exist"},{"ancestorTitles":["TC-004: PrayerStatus type values"],"duration":0,"failing":false,"failureDetails":[],"failureMessages":[],"fullName":"TC-004: PrayerStatus type values open is a valid PrayerStatus","invocations":1,"location":null,"numPassingAsserts":1,"retryReasons":[],"startAt":1776508612693,"status":"passed","title":"open is a valid PrayerStatus"},{"ancestorTitles":["TC-004: PrayerStatus type values"],"duration":1,"failing":false,"failureDetails":[],"failureMessages":[],"fullName":"TC-004: PrayerStatus type values answered is a valid PrayerStatus","invocations":1,"location":null,"numPassingAsserts":1,"retryReasons":[],"startAt":1776508612693,"status":"passed","title":"answered is a valid PrayerStatus"},{"ancestorTitles":["TC-005: EventCategory type values"],"duration":1,"failing":false,"failureDetails":[],"failureMessages":[],"fullName":"TC-005: EventCategory type values all 6 event categories exist","invocations":1,"location":null,"numPassingAsserts":1,"retryReasons":[],"startAt":1776508612694,"status":"passed","title":"all 6 event categories exist"},{"ancestorTitles":["TC-005: EventCategory type values"],"duration":0,"failing":false,"failureDetails":[],"failureMessages":[],"fullName":"TC-005: EventCategory type values worship is a valid EventCategory","invocations":1,"location":null,"numPassingAsserts":1,"retryReasons":[],"startAt":1776508612695,"status":"passed","title":"worship is a valid EventCategory"},{"ancestorTitles":["TC-006: GroupCategory type values"],"duration":1,"failing":false,"failureDetails":[],"failureMessages":[],"fullName":"TC-006: GroupCategory type values all 8 group categories exist","invocations":1,"location":null,"numPassingAsserts":1,"retryReasons":[],"startAt":1776508612695,"status":"passed","title":"all 8 group categories exist"},{"ancestorTitles":["TC-006: GroupCategory type values"],"duration":0,"failing":false,"failureDetails":[],"failureMessages":[],"fullName":"TC-006: GroupCategory type values bible_study is a valid GroupCategory","invocations":1,"location":null,"numPassingAsserts":1,"retryReasons":[],"startAt":1776508612696,"status":"passed","title":"bible_study is a valid GroupCategory"},{"ancestorTitles":["TC-007: DonationStatus type values"],"duration":0,"failing":false,"failureDetails":[],"failureMessages":[],"fullName":"TC-007: DonationStatus type values all 4 donation statuses exist","invocations":1,"location":null,"numPassingAsserts":1,"retryReasons":[],"startAt":1776508612697,"status":"passed","title":"all 4 donation statuses exist"},{"ancestorTitles":["TC-007: DonationStatus type values"],"duration":1,"failing":false,"failureDetails":[],"failureMessages":[],"fullName":"TC-007: DonationStatus type values completed is a valid DonationStatus","invocations":1,"location":null,"numPassingAsserts":1,"retryReasons":[],"startAt":1776508612697,"status":"passed","title":"completed is a valid DonationStatus"},{"ancestorTitles":["TC-007: DonationStatus type values"],"duration":0,"failing":false,"failureDetails":[],"failureMessages":[],"fullName":"TC-007: DonationStatus type values refunded is a valid DonationStatus","invocations":1,"location":null,"numPassingAsserts":1,"retryReasons":[],"startAt":1776508612698,"status":"passed","title":"refunded is a valid DonationStatus"},{"ancestorTitles":["TC-008: PaymentType type values"],"duration":1,"failing":false,"failureDetails":[],"failureMessages":[],"fullName":"TC-008: PaymentType type values all 2 payment types exist","invocations":1,"location":null,"numPassingAsserts":1,"retryReasons":[],"startAt":1776508612698,"status":"passed","title":"all 2 payment types exist"},{"ancestorTitles":["TC-008: PaymentType type values"],"duration":0,"failing":false,"failureDetails":[],"failureMessages":[],"fullName":"TC-008: PaymentType type values one_time is a valid PaymentType","invocations":1,"location":null,"numPassingAsserts":1,"retryReasons":[],"startAt":1776508612699,"status":"passed","title":"one_time is a valid PaymentType"},{"ancestorTitles":["TC-008: PaymentType type values"],"duration":0,"failing":false,"failureDetails":[],"failureMessages":[],"fullName":"TC-008: PaymentType type values recurring is a valid PaymentType","invocations":1,"location":null,"numPassingAsserts":1,"retryReasons":[],"startAt":1776508612699,"status":"passed","title":"recurring is a valid PaymentType"},{"ancestorTitles":["TC-009: AnnouncementPriority type values"],"duration":0,"failing":false,"failureDetails":[],"failureMessages":[],"fullName":"TC-009: AnnouncementPriority type values all 4 announcement priorities exist","invocations":1,"location":null,"numPassingAsserts":1,"retryReasons":[],"startAt":1776508612700,"status":"passed","title":"all 4 announcement priorities exist"},{"ancestorTitles":["TC-009: AnnouncementPriority type values"],"duration":0,"failing":false,"failureDetails":[],"failureMessages":[],"fullName":"TC-009: AnnouncementPriority type values urgent is the highest priority","invocations":1,"location":null,"numPassingAsserts":1,"retryReasons":[],"startAt":1776508612700,"status":"passed","title":"urgent is the highest priority"},{"ancestorTitles":["TC-010: UserProfile interface"],"duration":0,"failing":false,"failureDetails":[],"failureMessages":[],"fullName":"TC-010: UserProfile interface UserProfile has required id field","invocations":1,"location":null,"numPassingAsserts":2,"retryReasons":[],"startAt":1776508612701,"status":"passed","title":"UserProfile has required id field"},{"ancestorTitles":["TC-010: UserProfile interface"],"duration":1,"failing":false,"failureDetails":[],"failureMessages":[],"fullName":"TC-010: UserProfile interface UserProfile has valid email","invocations":1,"location":null,"numPassingAsserts":1,"retryReasons":[],"startAt":1776508612701,"status":"passed","title":"UserProfile has valid email"},{"ancestorTitles":["TC-010: UserProfile interface"],"duration":0,"failing":false,"failureDetails":[],"failureMessages":[],"fullName":"TC-010: UserProfile interface UserProfile role is valid","invocations":1,"location":null,"numPassingAsserts":1,"retryReasons":[],"startAt":1776508612702,"status":"passed","title":"UserProfile role is valid"},{"ancestorTitles":["TC-010: UserProfile interface"],"duration":0,"failing":false,"failureDetails":[],"failureMessages":[],"fullName":"TC-010: UserProfile interface UserProfile status is valid","invocations":1,"location":null,"numPassingAsserts":1,"retryReasons":[],"startAt":1776508612703,"status":"passed","title":"UserProfile status is valid"},{"ancestorTitles":["TC-010: UserProfile interface"],"duration":0,"failing":false,"failureDetails":[],"failureMessages":[],"fullName":"TC-010: UserProfile interface UserProfile has timestamps","invocations":1,"location":null,"numPassingAsserts":2,"retryReasons":[],"startAt":1776508612703,"status":"passed","title":"UserProfile has timestamps"},{"ancestorTitles":["TC-011: Sermon interface"],"duration":0,"failing":false,"failureDetails":[],"failureMessages":[],"fullName":"TC-011: Sermon interface Sermon has required title","invocations":1,"location":null,"numPassingAsserts":1,"retryReasons":[],"startAt":1776508612704,"status":"passed","title":"Sermon has required title"},{"ancestorTitles":["TC-011: Sermon interface"],"duration":1,"failing":false,"failureDetails":[],"failureMessages":[],"fullName":"TC-011: Sermon interface Sermon duration is a positive number","invocations":1,"location":null,"numPassingAsserts":1,"retryReasons":[],"startAt":1776508612704,"status":"passed","title":"Sermon duration is a positive number"},{"ancestorTitles":["TC-011: Sermon interface"],"duration":0,"failing":false,"failureDetails":[],"failureMessages":[],"fullName":"TC-011: Sermon interface Sermon series_id can be null","invocations":1,"location":null,"numPassingAsserts":1,"retryReasons":[],"startAt":1776508612705,"status":"passed","title":"Sermon series_id can be null"},{"ancestorTitles":["TC-011: Sermon interface"],"duration":0,"failing":false,"failureDetails":[],"failureMessages":[],"fullName":"TC-011: Sermon interface Sermon is_published is boolean","invocations":1,"location":null,"numPassingAsserts":1,"retryReasons":[],"startAt":1776508612706,"status":"passed","title":"Sermon is_published is boolean"},{"ancestorTitles":["TC-012: Event interface"],"duration":0,"failing":false,"failureDetails":[],"failureMessages":[],"fullName":"TC-012: Event interface Event has a valid category","invocations":1,"location":null,"numPassingAsserts":1,"retryReasons":[],"startAt":1776508612707,"status":"passed","title":"Event has a valid category"},{"ancestorTitles":["TC-012: Event interface"],"duration":0,"failing":false,"failureDetails":[],"failureMessages":[],"fullName":"TC-012: Event interface Event start_date is before end_date","invocations":1,"location":null,"numPassingAsserts":1,"retryReasons":[],"startAt":1776508612707,"status":"passed","title":"Event start_date is before end_date"},{"ancestorTitles":["TC-012: Event interface"],"duration":0,"failing":false,"failureDetails":[],"failureMessages":[],"fullName":"TC-012: Event interface Event capacity is positive when set","invocations":1,"location":null,"numPassingAsserts":1,"retryReasons":[],"startAt":1776508612708,"status":"passed","title":"Event capacity is positive when set"},{"ancestorTitles":["TC-013: PrayerRequest interface"],"duration":0,"failing":false,"failureDetails":[],"failureMessages":[],"fullName":"TC-013: PrayerRequest interface PrayerRequest allows anonymous submissions (user_id null)","invocations":1,"location":null,"numPassingAsserts":1,"retryReasons":[],"startAt":1776508612708,"status":"passed","title":"PrayerRequest allows anonymous submissions (user_id null)"},{"ancestorTitles":["TC-013: PrayerRequest interface"],"duration":0,"failing":false,"failureDetails":[],"failureMessages":[],"fullName":"TC-013: PrayerRequest interface PrayerRequest is_anonymous is boolean","invocations":1,"location":null,"numPassingAsserts":1,"retryReasons":[],"startAt":1776508612709,"status":"passed","title":"PrayerRequest is_anonymous is boolean"},{"ancestorTitles":["TC-013: PrayerRequest interface"],"duration":0,"failing":false,"failureDetails":[],"failureMessages":[],"fullName":"TC-013: PrayerRequest interface PrayerRequest status is valid","invocations":1,"location":null,"numPassingAsserts":1,"retryReasons":[],"startAt":1776508612709,"status":"passed","title":"PrayerRequest status is valid"},{"ancestorTitles":["TC-013: PrayerRequest interface"],"duration":0,"failing":false,"failureDetails":[],"failureMessages":[],"fullName":"TC-013: PrayerRequest interface PrayerRequest category is valid","invocations":1,"location":null,"numPassingAsserts":1,"retryReasons":[],"startAt":1776508612710,"status":"passed","title":"PrayerRequest category is valid"},{"ancestorTitles":["TC-014: Announcement interface"],"duration":0,"failing":false,"failureDetails":[],"failureMessages":[],"fullName":"TC-014: Announcement interface Announcement priority is valid","invocations":1,"location":null,"numPassingAsserts":1,"retryReasons":[],"startAt":1776508612710,"status":"passed","title":"Announcement priority is valid"},{"ancestorTitles":["TC-014: Announcement interface"],"duration":1,"failing":false,"failureDetails":[],"failureMessages":[],"fullName":"TC-014: Announcement interface Announcement expires_at can be a date string","invocations":1,"location":null,"numPassingAsserts":1,"retryReasons":[],"startAt":1776508612710,"status":"passed","title":"Announcement expires_at can be a date string"},{"ancestorTitles":["TC-014: Announcement interface"],"duration":0,"failing":false,"failureDetails":[],"failureMessages":[],"fullName":"TC-014: Announcement interface Announcement is_published is boolean","invocations":1,"location":null,"numPassingAsserts":1,"retryReasons":[],"startAt":1776508612711,"status":"passed","title":"Announcement is_published is boolean"},{"ancestorTitles":["TC-015: Donation interface"],"duration":0,"failing":false,"failureDetails":[],"failureMessages":[],"fullName":"TC-015: Donation interface Donation amount is a positive number","invocations":1,"location":null,"numPassingAsserts":1,"retryReasons":[],"startAt":1776508612712,"status":"passed","title":"Donation amount is a positive number"},{"ancestorTitles":["TC-015: Donation interface"],"duration":1,"failing":false,"failureDetails":[],"failureMessages":[],"fullName":"TC-015: Donation interface Donation payment_type is valid","invocations":1,"location":null,"numPassingAsserts":1,"retryReasons":[],"startAt":1776508612712,"status":"passed","title":"Donation payment_type is valid"},{"ancestorTitles":["TC-015: Donation interface"],"duration":0,"failing":false,"failureDetails":[],"failureMessages":[],"fullName":"TC-015: Donation interface Donation status is valid","invocations":1,"location":null,"numPassingAsserts":1,"retryReasons":[],"startAt":1776508612713,"status":"passed","title":"Donation status is valid"},{"ancestorTitles":["TC-015: Donation interface"],"duration":0,"failing":false,"failureDetails":[],"failureMessages":[],"fullName":"TC-015: Donation interface Donation has Stripe session ID","invocations":1,"location":null,"numPassingAsserts":1,"retryReasons":[],"startAt":1776508612713,"status":"passed","title":"Donation has Stripe session ID"}],"endTime":1776508612716,"message":"","name":"/tmp/cc-agent/65814257/project/__tests__/types.test.ts","startTime":1776508612155,"status":"passed","summary":""},{"assertionResults":[{"ancestorTitles":["TC-016: cn() class name utility"],"duration":1,"failing":false,"failureDetails":[],"failureMessages":[],"fullName":"TC-016: cn() class name utility merges two class strings","invocations":1,"location":null,"numPassingAsserts":1,"retryReasons":[],"startAt":1776508612803,"status":"passed","title":"merges two class strings"},{"ancestorTitles":["TC-016: cn() class name utility"],"duration":0,"failing":false,"failureDetails":[],"failureMessages":[],"fullName":"TC-016: cn() class name utility filters out falsy values","invocations":1,"location":null,"numPassingAsserts":1,"retryReasons":[],"startAt":1776508612805,"status":"passed","title":"filters out falsy values"},{"ancestorTitles":["TC-016: cn() class name utility"],"duration":1,"failing":false,"failureDetails":[],"failureMessages":[],"fullName":"TC-016: cn() class name utility handles empty input","invocations":1,"location":null,"numPassingAsserts":1,"retryReasons":[],"startAt":1776508612805,"status":"passed","title":"handles empty input"},{"ancestorTitles":["TC-016: cn() class name utility"],"duration":1,"failing":false,"failureDetails":[],"failureMessages":[],"fullName":"TC-016: cn() class name utility handles single class","invocations":1,"location":null,"numPassingAsserts":1,"retryReasons":[],"startAt":1776508612806,"status":"passed","title":"handles single class"},{"ancestorTitles":["TC-016: cn() class name utility"],"duration":0,"failing":false,"failureDetails":[],"failureMessages":[],"fullName":"TC-016: cn() class name utility handles conditional classes","invocations":1,"location":null,"numPassingAsserts":1,"retryReasons":[],"startAt":1776508612807,"status":"passed","title":"handles conditional classes"},{"ancestorTitles":["TC-017: Email validation logic"],"duration":1,"failing":false,"failureDetails":[],"failureMessages":[],"fullName":"TC-017: Email validation logic valid email passes","invocations":1,"location":null,"numPassingAsserts":1,"retryReasons":[],"startAt":1776508612807,"status":"passed","title":"valid email passes"},{"ancestorTitles":["TC-017: Email validation logic"],"duration":0,"failing":false,"failureDetails":[],"failureMessages":[],"fullName":"TC-017: Email validation logic email without @ fails","invocations":1,"location":null,"numPassingAsserts":1,"retryReasons":[],"startAt":1776508612808,"status":"passed","title":"email without @ fails"},{"ancestorTitles":["TC-017: Email validation logic"],"duration":0,"failing":false,"failureDetails":[],"failureMessages":[],"fullName":"TC-017: Email validation logic email without domain fails","invocations":1,"location":null,"numPassingAsserts":1,"retryReasons":[],"startAt":1776508612809,"status":"passed","title":"email without domain fails"},{"ancestorTitles":["TC-017: Email validation logic"],"duration":0,"failing":false,"failureDetails":[],"failureMessages":[],"fullName":"TC-017: Email validation logic email without TLD fails","invocations":1,"location":null,"numPassingAsserts":1,"retryReasons":[],"startAt":1776508612809,"status":"passed","title":"email without TLD fails"},{"ancestorTitles":["TC-017: Email validation logic"],"duration":1,"failing":false,"failureDetails":[],"failureMessages":[],"fullName":"TC-017: Email validation logic email with subdomain passes","invocations":1,"location":null,"numPassingAsserts":1,"retryReasons":[],"startAt":1776508612809,"status":"passed","title":"email with subdomain passes"},{"ancestorTitles":["TC-017: Email validation logic"],"duration":1,"failing":false,"failureDetails":[],"failureMessages":[],"fullName":"TC-017: Email validation logic empty string fails","invocations":1,"location":null,"numPassingAsserts":1,"retryReasons":[],"startAt":1776508612810,"status":"passed","title":"empty string fails"},{"ancestorTitles":["TC-018: Password strength validation"],"duration":0,"failing":false,"failureDetails":[],"failureMessages":[],"fullName":"TC-018: Password strength validation password with 8 chars passes","invocations":1,"location":null,"numPassingAsserts":1,"retryReasons":[],"startAt":1776508612811,"status":"passed","title":"password with 8 chars passes"},{"ancestorTitles":["TC-018: Password strength validation"],"duration":1,"failing":false,"failureDetails":[],"failureMessages":[],"fullName":"TC-018: Password strength validation password with 7 chars fails","invocations":1,"location":null,"numPassingAsserts":1,"retryReasons":[],"startAt":1776508612811,"status":"passed","title":"password with 7 chars fails"},{"ancestorTitles":["TC-018: Password strength validation"],"duration":0,"failing":false,"failureDetails":[],"failureMessages":[],"fullName":"TC-018: Password strength validation empty password fails","invocations":1,"location":null,"numPassingAsserts":1,"retryReasons":[],"startAt":1776508612812,"status":"passed","title":"empty password fails"},{"ancestorTitles":["TC-018: Password strength validation"],"duration":1,"failing":false,"failureDetails":[],"failureMessages":[],"fullName":"TC-018: Password strength validation long password passes","invocations":1,"location":null,"numPassingAsserts":1,"retryReasons":[],"startAt":1776508612812,"status":"passed","title":"long password passes"},{"ancestorTitles":["TC-019: Date formatting"],"duration":28,"failing":false,"failureDetails":[],"failureMessages":[],"fullName":"TC-019: Date formatting formats ISO date to readable format","invocations":1,"location":null,"numPassingAsserts":3,"retryReasons":[],"startAt":1776508612813,"status":"passed","title":"formats ISO date to readable format"},{"ancestorTitles":["TC-019: Date formatting"],"duration":1,"failing":false,"failureDetails":[],"failureMessages":[],"fullName":"TC-019: Date formatting formats January correctly","invocations":1,"location":null,"numPassingAsserts":1,"retryReasons":[],"startAt":1776508612841,"status":"passed","title":"formats January correctly"},{"ancestorTitles":["TC-019: Date formatting"],"duration":1,"failing":false,"failureDetails":[],"failureMessages":[],"fullName":"TC-019: Date formatting handles December","invocations":1,"location":null,"numPassingAsserts":1,"retryReasons":[],"startAt":1776508612842,"status":"passed","title":"handles December"},{"ancestorTitles":["TC-020: Currency formatting"],"duration":6,"failing":false,"failureDetails":[],"failureMessages":[],"fullName":"TC-020: Currency formatting formats whole dollar amount","invocations":1,"location":null,"numPassingAsserts":1,"retryReasons":[],"startAt":1776508612843,"status":"passed","title":"formats whole dollar amount"},{"ancestorTitles":["TC-020: Currency formatting"],"duration":1,"failing":false,"failureDetails":[],"failureMessages":[],"fullName":"TC-020: Currency formatting formats amount with cents","invocations":1,"location":null,"numPassingAsserts":1,"retryReasons":[],"startAt":1776508612849,"status":"passed","title":"formats amount with cents"},{"ancestorTitles":["TC-020: Currency formatting"],"duration":0,"failing":false,"failureDetails":[],"failureMessages":[],"fullName":"TC-020: Currency formatting formats large amount with comma","invocations":1,"location":null,"numPassingAsserts":1,"retryReasons":[],"startAt":1776508612850,"status":"passed","title":"formats large amount with comma"},{"ancestorTitles":["TC-020: Currency formatting"],"duration":1,"failing":false,"failureDetails":[],"failureMessages":[],"fullName":"TC-020: Currency formatting formats zero","invocations":1,"location":null,"numPassingAsserts":1,"retryReasons":[],"startAt":1776508612850,"status":"passed","title":"formats zero"},{"ancestorTitles":["TC-021: Donation amount validation"],"duration":0,"failing":false,"failureDetails":[],"failureMessages":[],"fullName":"TC-021: Donation amount validation valid donation amount of $25 passes","invocations":1,"location":null,"numPassingAsserts":1,"retryReasons":[],"startAt":1776508612851,"status":"passed","title":"valid donation amount of $25 passes"},{"ancestorTitles":["TC-021: Donation amount validation"],"duration":1,"failing":false,"failureDetails":[],"failureMessages":[],"fullName":"TC-021: Donation amount validation zero amount fails","invocations":1,"location":null,"numPassingAsserts":1,"retryReasons":[],"startAt":1776508612851,"status":"passed","title":"zero amount fails"},{"ancestorTitles":["TC-021: Donation amount validation"],"duration":0,"failing":false,"failureDetails":[],"failureMessages":[],"fullName":"TC-021: Donation amount validation negative amount fails","invocations":1,"location":null,"numPassingAsserts":1,"retryReasons":[],"startAt":1776508612852,"status":"passed","title":"negative amount fails"},{"ancestorTitles":["TC-021: Donation amount validation"],"duration":0,"failing":false,"failureDetails":[],"failureMessages":[],"fullName":"TC-021: Donation amount validation amount over $100,000 fails (sanity check)","invocations":1,"location":null,"numPassingAsserts":1,"retryReasons":[],"startAt":1776508612852,"status":"passed","title":"amount over $100,000 fails (sanity check)"},{"ancestorTitles":["TC-021: Donation amount validation"],"duration":1,"failing":false,"failureDetails":[],"failureMessages":[],"fullName":"TC-021: Donation amount validation valid large donation passes","invocations":1,"location":null,"numPassingAsserts":1,"retryReasons":[],"startAt":1776508612852,"status":"passed","title":"valid large donation passes"},{"ancestorTitles":["TC-021: Donation amount validation"],"duration":0,"failing":false,"failureDetails":[],"failureMessages":[],"fullName":"TC-021: Donation amount validation NaN fails","invocations":1,"location":null,"numPassingAsserts":1,"retryReasons":[],"startAt":1776508612853,"status":"passed","title":"NaN fails"},{"ancestorTitles":["TC-022: Role-based authorization"],"duration":0,"failing":false,"failureDetails":[],"failureMessages":[],"fullName":"TC-022: Role-based authorization admin can access admin panel","invocations":1,"location":null,"numPassingAsserts":1,"retryReasons":[],"startAt":1776508612853,"status":"passed","title":"admin can access admin panel"},{"ancestorTitles":["TC-022: Role-based authorization"],"duration":0,"failing":false,"failureDetails":[],"failureMessages":[],"fullName":"TC-022: Role-based authorization staff can access admin panel","invocations":1,"location":null,"numPassingAsserts":1,"retryReasons":[],"startAt":1776508612854,"status":"passed","title":"staff can access admin panel"},{"ancestorTitles":["TC-022: Role-based authorization"],"duration":0,"failing":false,"failureDetails":[],"failureMessages":[],"fullName":"TC-022: Role-based authorization member cannot access admin panel","invocations":1,"location":null,"numPassingAsserts":1,"retryReasons":[],"startAt":1776508612854,"status":"passed","title":"member cannot access admin panel"},{"ancestorTitles":["TC-022: Role-based authorization"],"duration":1,"failing":false,"failureDetails":[],"failureMessages":[],"fullName":"TC-022: Role-based authorization pending user cannot access admin panel","invocations":1,"location":null,"numPassingAsserts":1,"retryReasons":[],"startAt":1776508612854,"status":"passed","title":"pending user cannot access admin panel"},{"ancestorTitles":["TC-022: Role-based authorization"],"duration":0,"failing":false,"failureDetails":[],"failureMessages":[],"fullName":"TC-022: Role-based authorization active member can view directory","invocations":1,"location":null,"numPassingAsserts":1,"retryReasons":[],"startAt":1776508612855,"status":"passed","title":"active member can view directory"},{"ancestorTitles":["TC-022: Role-based authorization"],"duration":0,"failing":false,"failureDetails":[],"failureMessages":[],"fullName":"TC-022: Role-based authorization pending member cannot view directory","invocations":1,"location":null,"numPassingAsserts":1,"retryReasons":[],"startAt":1776508612855,"status":"passed","title":"pending member cannot view directory"},{"ancestorTitles":["TC-022: Role-based authorization"],"duration":0,"failing":false,"failureDetails":[],"failureMessages":[],"fullName":"TC-022: Role-based authorization member can submit prayer request","invocations":1,"location":null,"numPassingAsserts":1,"retryReasons":[],"startAt":1776508612856,"status":"passed","title":"member can submit prayer request"},{"ancestorTitles":["TC-022: Role-based authorization"],"duration":0,"failing":false,"failureDetails":[],"failureMessages":[],"fullName":"TC-022: Role-based authorization pending user cannot submit prayer request","invocations":1,"location":null,"numPassingAsserts":1,"retryReasons":[],"startAt":1776508612856,"status":"passed","title":"pending user cannot submit prayer request"},{"ancestorTitles":["TC-023: Sermon data validation"],"duration":1,"failing":false,"failureDetails":[],"failureMessages":[],"fullName":"TC-023: Sermon data validation valid sermon passes validation","invocations":1,"location":null,"numPassingAsserts":1,"retryReasons":[],"startAt":1776508612856,"status":"passed","title":"valid sermon passes validation"},{"ancestorTitles":["TC-023: Sermon data validation"],"duration":0,"failing":false,"failureDetails":[],"failureMessages":[],"fullName":"TC-023: Sermon data validation sermon with empty title fails","invocations":1,"location":null,"numPassingAsserts":1,"retryReasons":[],"startAt":1776508612857,"status":"passed","title":"sermon with empty title fails"},{"ancestorTitles":["TC-023: Sermon data validation"],"duration":0,"failing":false,"failureDetails":[],"failureMessages":[],"fullName":"TC-023: Sermon data validation sermon with empty pastor fails","invocations":1,"location":null,"numPassingAsserts":1,"retryReasons":[],"startAt":1776508612857,"status":"passed","title":"sermon with empty pastor fails"},{"ancestorTitles":["TC-023: Sermon data validation"],"duration":0,"failing":false,"failureDetails":[],"failureMessages":[],"fullName":"TC-023: Sermon data validation sermon with 0 duration fails","invocations":1,"location":null,"numPassingAsserts":1,"retryReasons":[],"startAt":1776508612858,"status":"passed","title":"sermon with 0 duration fails"},{"ancestorTitles":["TC-023: Sermon data validation"],"duration":0,"failing":false,"failureDetails":[],"failureMessages":[],"fullName":"TC-023: Sermon data validation sermon with negative duration fails","invocations":1,"location":null,"numPassingAsserts":1,"retryReasons":[],"startAt":1776508612858,"status":"passed","title":"sermon with negative duration fails"},{"ancestorTitles":["TC-024: Event date validation"],"duration":1,"failing":false,"failureDetails":[],"failureMessages":[],"fullName":"TC-024: Event date validation future event is valid","invocations":1,"location":null,"numPassingAsserts":1,"retryReasons":[],"startAt":1776508612858,"status":"passed","title":"future event is valid"},{"ancestorTitles":["TC-024: Event date validation"],"duration":0,"failing":false,"failureDetails":[],"failureMessages":[],"fullName":"TC-024: Event date validation past event is not in future","invocations":1,"location":null,"numPassingAsserts":1,"retryReasons":[],"startAt":1776508612859,"status":"passed","title":"past event is not in future"},{"ancestorTitles":["TC-024: Event date validation"],"duration":1,"failing":false,"failureDetails":[],"failureMessages":[],"fullName":"TC-024: Event date validation valid date range with end after start","invocations":1,"location":null,"numPassingAsserts":1,"retryReasons":[],"startAt":1776508612859,"status":"passed","title":"valid date range with end after start"},{"ancestorTitles":["TC-024: Event date validation"],"duration":0,"failing":false,"failureDetails":[],"failureMessages":[],"fullName":"TC-024: Event date validation invalid date range where end is before start","invocations":1,"location":null,"numPassingAsserts":1,"retryReasons":[],"startAt":1776508612860,"status":"passed","title":"invalid date range where end is before start"},{"ancestorTitles":["TC-024: Event date validation"],"duration":1,"failing":false,"failureDetails":[],"failureMessages":[],"fullName":"TC-024: Event date validation null end date is valid (single-day event)","invocations":1,"location":null,"numPassingAsserts":1,"retryReasons":[],"startAt":1776508612860,"status":"passed","title":"null end date is valid (single-day event)"},{"ancestorTitles":["TC-025: Prayer request form validation"],"duration":0,"failing":false,"failureDetails":[],"failureMessages":[],"fullName":"TC-025: Prayer request form validation valid prayer request passes","invocations":1,"location":null,"numPassingAsserts":1,"retryReasons":[],"startAt":1776508612861,"status":"passed","title":"valid prayer request passes"},{"ancestorTitles":["TC-025: Prayer request form validation"],"duration":0,"failing":false,"failureDetails":[],"failureMessages":[],"fullName":"TC-025: Prayer request form validation empty title fails","invocations":1,"location":null,"numPassingAsserts":1,"retryReasons":[],"startAt":1776508612861,"status":"passed","title":"empty title fails"},{"ancestorTitles":["TC-025: Prayer request form validation"],"duration":1,"failing":false,"failureDetails":[],"failureMessages":[],"fullName":"TC-025: Prayer request form validation too short body fails","invocations":1,"location":null,"numPassingAsserts":1,"retryReasons":[],"startAt":1776508612861,"status":"passed","title":"too short body fails"},{"ancestorTitles":["TC-025: Prayer request form validation"],"duration":0,"failing":false,"failureDetails":[],"failureMessages":[],"fullName":"TC-025: Prayer request form validation empty category fails","invocations":1,"location":null,"numPassingAsserts":1,"retryReasons":[],"startAt":1776508612862,"status":"passed","title":"empty category fails"},{"ancestorTitles":["TC-026: Group membership business rules"],"duration":1,"failing":false,"failureDetails":[],"failureMessages":[],"fullName":"TC-026: Group membership business rules open group with space allows joining","invocations":1,"location":null,"numPassingAsserts":1,"retryReasons":[],"startAt":1776508612862,"status":"passed","title":"open group with space allows joining"},{"ancestorTitles":["TC-026: Group membership business rules"],"duration":0,"failing":false,"failureDetails":[],"failureMessages":[],"fullName":"TC-026: Group membership business rules closed group does not allow joining","invocations":1,"location":null,"numPassingAsserts":1,"retryReasons":[],"startAt":1776508612863,"status":"passed","title":"closed group does not allow joining"},{"ancestorTitles":["TC-026: Group membership business rules"],"duration":0,"failing":false,"failureDetails":[],"failureMessages":[],"fullName":"TC-026: Group membership business rules full group does not allow joining","invocations":1,"location":null,"numPassingAsserts":1,"retryReasons":[],"startAt":1776508612863,"status":"passed","title":"full group does not allow joining"},{"ancestorTitles":["TC-026: Group membership business rules"],"duration":1,"failing":false,"failureDetails":[],"failureMessages":[],"fullName":"TC-026: Group membership business rules open group with no max allows joining","invocations":1,"location":null,"numPassingAsserts":1,"retryReasons":[],"startAt":1776508612863,"status":"passed","title":"open group with no max allows joining"},{"ancestorTitles":["TC-026: Group membership business rules"],"duration":0,"failing":false,"failureDetails":[],"failureMessages":[],"fullName":"TC-026: Group membership business rules group over capacity does not allow joining","invocations":1,"location":null,"numPassingAsserts":1,"retryReasons":[],"startAt":1776508612864,"status":"passed","title":"group over capacity does not allow joining"},{"ancestorTitles":["TC-027: Announcement priority ordering"],"duration":1,"failing":false,"failureDetails":[],"failureMessages":[],"fullName":"TC-027: Announcement priority ordering urgent appears before high","invocations":1,"location":null,"numPassingAsserts":1,"retryReasons":[],"startAt":1776508612864,"status":"passed","title":"urgent appears before high"},{"ancestorTitles":["TC-027: Announcement priority ordering"],"duration":0,"failing":false,"failureDetails":[],"failureMessages":[],"fullName":"TC-027: Announcement priority ordering urgent has highest priority value","invocations":1,"location":null,"numPassingAsserts":3,"retryReasons":[],"startAt":1776508612865,"status":"passed","title":"urgent has highest priority value"},{"ancestorTitles":["TC-027: Announcement priority ordering"],"duration":1,"failing":false,"failureDetails":[],"failureMessages":[],"fullName":"TC-027: Announcement priority ordering sorts mixed priorities correctly","invocations":1,"location":null,"numPassingAsserts":2,"retryReasons":[],"startAt":1776508612865,"status":"passed","title":"sorts mixed priorities correctly"},{"ancestorTitles":["TC-028: RSVP status validation"],"duration":0,"failing":false,"failureDetails":[],"failureMessages":[],"fullName":"TC-028: RSVP status validation attending is a valid RSVP status","invocations":1,"location":null,"numPassingAsserts":1,"retryReasons":[],"startAt":1776508612866,"status":"passed","title":"attending is a valid RSVP status"},{"ancestorTitles":["TC-028: RSVP status validation"],"duration":0,"failing":false,"failureDetails":[],"failureMessages":[],"fullName":"TC-028: RSVP status validation maybe is a valid RSVP status","invocations":1,"location":null,"numPassingAsserts":1,"retryReasons":[],"startAt":1776508612866,"status":"passed","title":"maybe is a valid RSVP status"},{"ancestorTitles":["TC-028: RSVP status validation"],"duration":0,"failing":false,"failureDetails":[],"failureMessages":[],"fullName":"TC-028: RSVP status validation declined is a valid RSVP status","invocations":1,"location":null,"numPassingAsserts":1,"retryReasons":[],"startAt":1776508612867,"status":"passed","title":"declined is a valid RSVP status"},{"ancestorTitles":["TC-028: RSVP status validation"],"duration":2,"failing":false,"failureDetails":[],"failureMessages":[],"fullName":"TC-028: RSVP status validation invalid string fails","invocations":1,"location":null,"numPassingAsserts":1,"retryReasons":[],"startAt":1776508612867,"status":"passed","title":"invalid string fails"},{"ancestorTitles":["TC-029: Donation preset amount logic"],"duration":1,"failing":false,"failureDetails":[],"failureMessages":[],"fullName":"TC-029: Donation preset amount logic preset amounts include standard church giving tiers","invocations":1,"location":null,"numPassingAsserts":3,"retryReasons":[],"startAt":1776508612869,"status":"passed","title":"preset amounts include standard church giving tiers"},{"ancestorTitles":["TC-029: Donation preset amount logic"],"duration":1,"failing":false,"failureDetails":[],"failureMessages":[],"fullName":"TC-029: Donation preset amount logic preset amounts are sorted ascending","invocations":1,"location":null,"numPassingAsserts":1,"retryReasons":[],"startAt":1776508612870,"status":"passed","title":"preset amounts are sorted ascending"},{"ancestorTitles":["TC-029: Donation preset amount logic"],"duration":1,"failing":false,"failureDetails":[],"failureMessages":[],"fullName":"TC-029: Donation preset amount logic all preset amounts are positive","invocations":1,"location":null,"numPassingAsserts":5,"retryReasons":[],"startAt":1776508612871,"status":"passed","title":"all preset amounts are positive"},{"ancestorTitles":["TC-029: Donation preset amount logic"],"duration":0,"failing":false,"failureDetails":[],"failureMessages":[],"fullName":"TC-029: Donation preset amount logic custom amount replaces preset selection","invocations":1,"location":null,"numPassingAsserts":2,"retryReasons":[],"startAt":1776508612872,"status":"passed","title":"custom amount replaces preset selection"},{"ancestorTitles":["TC-030: User initials generation"],"duration":0,"failing":false,"failureDetails":[],"failureMessages":[],"fullName":"TC-030: User initials generation generates initials from full name","invocations":1,"location":null,"numPassingAsserts":1,"retryReasons":[],"startAt":1776508612872,"status":"passed","title":"generates initials from full name"},{"ancestorTitles":["TC-030: User initials generation"],"duration":1,"failing":false,"failureDetails":[],"failureMessages":[],"fullName":"TC-030: User initials generation generates initials from first name only","invocations":1,"location":null,"numPassingAsserts":1,"retryReasons":[],"startAt":1776508612872,"status":"passed","title":"generates initials from first name only"},{"ancestorTitles":["TC-030: User initials generation"],"duration":0,"failing":false,"failureDetails":[],"failureMessages":[],"fullName":"TC-030: User initials generation limits to 2 characters","invocations":1,"location":null,"numPassingAsserts":1,"retryReasons":[],"startAt":1776508612873,"status":"passed","title":"limits to 2 characters"},{"ancestorTitles":["TC-030: User initials generation"],"duration":0,"failing":false,"failureDetails":[],"failureMessages":[],"fullName":"TC-030: User initials generation uses email fallback when no name","invocations":1,"location":null,"numPassingAsserts":1,"retryReasons":[],"startAt":1776508612873,"status":"passed","title":"uses email fallback when no name"},{"ancestorTitles":["TC-030: User initials generation"],"duration":0,"failing":false,"failureDetails":[],"failureMessages":[],"fullName":"TC-030: User initials generation defaults to GC when no name or email","invocations":1,"location":null,"numPassingAsserts":1,"retryReasons":[],"startAt":1776508612873,"status":"passed","title":"defaults to GC when no name or email"},{"ancestorTitles":["TC-030: User initials generation"],"duration":1,"failing":false,"failureDetails":[],"failureMessages":[],"fullName":"TC-030: User initials generation converts to uppercase","invocations":1,"location":null,"numPassingAsserts":1,"retryReasons":[],"startAt":1776508612873,"status":"passed","title":"converts to uppercase"}],"endTime":1776508612875,"message":"","name":"/tmp/cc-agent/65814257/project/__tests__/utils.test.ts","startTime":1776508612725,"status":"passed","summary":""},{"assertionResults":[{"ancestorTitles":["TC-031: Navigation links definition"],"duration":3,"failing":false,"failureDetails":[],"failureMessages":[],"fullName":"TC-031: Navigation links definition navbar has 7 links","invocations":1,"location":null,"numPassingAsserts":1,"retryReasons":[],"startAt":1776508612942,"status":"passed","title":"navbar has 7 links"},{"ancestorTitles":["TC-031: Navigation links definition"],"duration":0,"failing":false,"failureDetails":[],"failureMessages":[],"fullName":"TC-031: Navigation links definition home link points to /","invocations":1,"location":null,"numPassingAsserts":1,"retryReasons":[],"startAt":1776508612946,"status":"passed","title":"home link points to /"},{"ancestorTitles":["TC-031: Navigation links definition"],"duration":2,"failing":false,"failureDetails":[],"failureMessages":[],"fullName":"TC-031: Navigation links definition give link points to /give","invocations":1,"location":null,"numPassingAsserts":1,"retryReasons":[],"startAt":1776508612946,"status":"passed","title":"give link points to /give"},{"ancestorTitles":["TC-031: Navigation links definition"],"duration":0,"failing":false,"failureDetails":[],"failureMessages":[],"fullName":"TC-031: Navigation links definition all links have non-empty labels","invocations":1,"location":null,"numPassingAsserts":7,"retryReasons":[],"startAt":1776508612948,"status":"passed","title":"all links have non-empty labels"},{"ancestorTitles":["TC-031: Navigation links definition"],"duration":1,"failing":false,"failureDetails":[],"failureMessages":[],"fullName":"TC-031: Navigation links definition all links have valid href starting with /","invocations":1,"location":null,"numPassingAsserts":7,"retryReasons":[],"startAt":1776508612948,"status":"passed","title":"all links have valid href starting with /"},{"ancestorTitles":["TC-032: Admin navigation links"],"duration":0,"failing":false,"failureDetails":[],"failureMessages":[],"fullName":"TC-032: Admin navigation links admin panel has 6 sections","invocations":1,"location":null,"numPassingAsserts":1,"retryReasons":[],"startAt":1776508612949,"status":"passed","title":"admin panel has 6 sections"},{"ancestorTitles":["TC-032: Admin navigation links"],"duration":1,"failing":false,"failureDetails":[],"failureMessages":[],"fullName":"TC-032: Admin navigation links all admin routes start with /admin","invocations":1,"location":null,"numPassingAsserts":6,"retryReasons":[],"startAt":1776508612949,"status":"passed","title":"all admin routes start with /admin"},{"ancestorTitles":["TC-032: Admin navigation links"],"duration":0,"failing":false,"failureDetails":[],"failureMessages":[],"fullName":"TC-032: Admin navigation links dashboard is the first admin link","invocations":1,"location":null,"numPassingAsserts":1,"retryReasons":[],"startAt":1776508612950,"status":"passed","title":"dashboard is the first admin link"},{"ancestorTitles":["TC-032: Admin navigation links"],"duration":1,"failing":false,"failureDetails":[],"failureMessages":[],"fullName":"TC-032: Admin navigation links users management route exists","invocations":1,"location":null,"numPassingAsserts":1,"retryReasons":[],"startAt":1776508612950,"status":"passed","title":"users management route exists"},{"ancestorTitles":["TC-032: Admin navigation links"],"duration":0,"failing":false,"failureDetails":[],"failureMessages":[],"fullName":"TC-032: Admin navigation links giving reports route exists","invocations":1,"location":null,"numPassingAsserts":1,"retryReasons":[],"startAt":1776508612951,"status":"passed","title":"giving reports route exists"},{"ancestorTitles":["TC-033: Route access control"],"duration":1,"failing":false,"failureDetails":[],"failureMessages":[],"fullName":"TC-033: Route access control public routes are accessible without login","invocations":1,"location":null,"numPassingAsserts":3,"retryReasons":[],"startAt":1776508612951,"status":"passed","title":"public routes are accessible without login"},{"ancestorTitles":["TC-033: Route access control"],"duration":0,"failing":false,"failureDetails":[],"failureMessages":[],"fullName":"TC-033: Route access control login page is publicly accessible","invocations":1,"location":null,"numPassingAsserts":1,"retryReasons":[],"startAt":1776508612952,"status":"passed","title":"login page is publicly accessible"},{"ancestorTitles":["TC-033: Route access control"],"duration":0,"failing":false,"failureDetails":[],"failureMessages":[],"fullName":"TC-033: Route access control admin route blocked for members","invocations":1,"location":null,"numPassingAsserts":1,"retryReasons":[],"startAt":1776508612952,"status":"passed","title":"admin route blocked for members"},{"ancestorTitles":["TC-033: Route access control"],"duration":0,"failing":false,"failureDetails":[],"failureMessages":[],"fullName":"TC-033: Route access control admin route accessible for admin role","invocations":1,"location":null,"numPassingAsserts":1,"retryReasons":[],"startAt":1776508612953,"status":"passed","title":"admin route accessible for admin role"},{"ancestorTitles":["TC-033: Route access control"],"duration":0,"failing":false,"failureDetails":[],"failureMessages":[],"fullName":"TC-033: Route access control admin route accessible for staff role","invocations":1,"location":null,"numPassingAsserts":1,"retryReasons":[],"startAt":1776508612953,"status":"passed","title":"admin route accessible for staff role"},{"ancestorTitles":["TC-033: Route access control"],"duration":0,"failing":false,"failureDetails":[],"failureMessages":[],"fullName":"TC-033: Route access control directory blocked for pending users","invocations":1,"location":null,"numPassingAsserts":1,"retryReasons":[],"startAt":1776508612953,"status":"passed","title":"directory blocked for pending users"},{"ancestorTitles":["TC-033: Route access control"],"duration":0,"failing":false,"failureDetails":[],"failureMessages":[],"fullName":"TC-033: Route access control prayer page accessible for active members","invocations":1,"location":null,"numPassingAsserts":1,"retryReasons":[],"startAt":1776508612954,"status":"passed","title":"prayer page accessible for active members"},{"ancestorTitles":["TC-033: Route access control"],"duration":0,"failing":false,"failureDetails":[],"failureMessages":[],"fullName":"TC-033: Route access control profile page inaccessible without login","invocations":1,"location":null,"numPassingAsserts":1,"retryReasons":[],"startAt":1776508612954,"status":"passed","title":"profile page inaccessible without login"},{"ancestorTitles":["TC-034: Application route completeness"],"duration":1,"failing":false,"failureDetails":[],"failureMessages":[],"fullName":"TC-034: Application route completeness app has 17 defined routes","invocations":1,"location":null,"numPassingAsserts":1,"retryReasons":[],"startAt":1776508612954,"status":"passed","title":"app has 17 defined routes"},{"ancestorTitles":["TC-034: Application route completeness"],"duration":1,"failing":false,"failureDetails":[],"failureMessages":[],"fullName":"TC-034: Application route completeness all member-facing pages are defined","invocations":1,"location":null,"numPassingAsserts":6,"retryReasons":[],"startAt":1776508612955,"status":"passed","title":"all member-facing pages are defined"},{"ancestorTitles":["TC-034: Application route completeness"],"duration":1,"failing":false,"failureDetails":[],"failureMessages":[],"fullName":"TC-034: Application route completeness all admin pages are defined","invocations":1,"location":null,"numPassingAsserts":6,"retryReasons":[],"startAt":1776508612956,"status":"passed","title":"all admin pages are defined"},{"ancestorTitles":["TC-034: Application route completeness"],"duration":1,"failing":false,"failureDetails":[],"failureMessages":[],"fullName":"TC-034: Application route completeness auth routes are defined","invocations":1,"location":null,"numPassingAsserts":2,"retryReasons":[],"startAt":1776508612957,"status":"passed","title":"auth routes are defined"},{"ancestorTitles":["TC-035: Active nav state detection"],"duration":0,"failing":false,"failureDetails":[],"failureMessages":[],"fullName":"TC-035: Active nav state detection exact match marks link as active","invocations":1,"location":null,"numPassingAsserts":1,"retryReasons":[],"startAt":1776508612958,"status":"passed","title":"exact match marks link as active"},{"ancestorTitles":["TC-035: Active nav state detection"],"duration":5,"failing":false,"failureDetails":[],"failureMessages":[],"fullName":"TC-035: Active nav state detection different path not marked active","invocations":1,"location":null,"numPassingAsserts":1,"retryReasons":[],"startAt":1776508612958,"status":"passed","title":"different path not marked active"},{"ancestorTitles":["TC-035: Active nav state detection"],"duration":0,"failing":false,"failureDetails":[],"failureMessages":[],"fullName":"TC-035: Active nav state detection home route only active on root","invocations":1,"location":null,"numPassingAsserts":2,"retryReasons":[],"startAt":1776508612964,"status":"passed","title":"home route only active on root"}],"endTime":1776508612965,"message":"","name":"/tmp/cc-agent/65814257/project/__tests__/navigation.test.ts","startTime":1776508612880,"status":"passed","summary":""}],"wasInterrupted":false}
